Free Memory:906
Total Memory:7109
Max Memory:7109

Filename  33998-8.txt
Book Count7992
Count 7992
##### Heap utilization statistics [MB] #####
Used Memory:6205
Free Memory:904
Total Memory:7109
Max Memory:7109
Count 7992
##### Heap utilization statistics [MB] #####
Used Memory:6205
Free Memory:904
Total Memory:7109
Max Memory:7109

Filename  33996.txt
Book Count7993
Count 7993
##### Heap utilization statistics [MB] #####
Used Memory:6205
Free Memory:903
Total Memory:7109
Max Memory:7109

Filename  33996-8.txt
Book Count7994
Count 7994
##### Heap utilization statistics [MB] #####
Used Memory:6206
Free Memory:902
Total Memory:7109
Max Memory:7109
Count 7994
##### Heap utilization statistics [MB] #####
Used Memory:6206
Free Memory:902
Total Memory:7109
Max Memory:7109
Count 7994
##### Heap utilization statistics [MB] #####
Used Memory:6206
Free Memory:902
Total Memory:7109
Max Memory:7109
Count 7994
##### Heap utilization statistics [MB] #####
Used Memory:6206
Free Memory:902
Total Memory:7109
Max Memory:7109

Filename  33995.txt
Book Count7995
Count 7995
##### Heap utilization statistics [MB] #####
Used Memory:6207
Free Memory:901
Total Memory:7109
Max Memory:7109
Count 7995
##### Heap utilization statistics [MB] #####
Used Memory:6207
Free Memory:901
Total Memory:7109
Max Memory:7109
Count 7995
##### Heap utilization statistics [MB] #####
Used Memory:6207
Free Memory:901
Total Memory:7109
Max Memory:7109
Count 7995
##### Heap utilization statistics [MB] #####
Used Memory:6207
Free Memory:901
Total Memory:7109
Max Memory:7109
Count 7995
##### Heap utilization statistics [MB] #####
Used Memory:6207
Free Memory:901
Total Memory:7109
Max Memory:7109
Count 7995
##### Heap utilization statistics [MB] #####
Used Memory:6207
Free Memory:901
Total Memory:7109
Max Memory:7109

Filename  33995-8.txt
Book Count7996
Count 7996
##### Heap utilization statistics [MB] #####
Used Memory:6217
Free Memory:891
Total Memory:7109
Max Memory:7109
Count 7996
##### Heap utilization statistics [MB] #####
Used Memory:6217
Free Memory:891
Total Memory:7109
Max Memory:7109
Count 7996
##### Heap utilization statistics [MB] #####
Used Memory:6217
Free Memory:891
Total Memory:7109
Max Memory:7109

Filename  3392.txt
Book Count7997
Count 7997
##### Heap utilization statistics [MB] #####
Used Memory:6217
Free Memory:891
Total Memory:7109
Max Memory:7109
Count 7997
##### Heap utilization statistics [MB] #####
Used Memory:6217
Free Memory:891
Total Memory:7109
Max Memory:7109

Filename  3390.txt
Book Count7998
Count 7998
##### Heap utilization statistics [MB] #####
Used Memory:6217
Free Memory:891
Total Memory:7109
Max Memory:7109
Count 7998
##### Heap utilization statistics [MB] #####
Used Memory:6217
Free Memory:891
Total Memory:7109
Max Memory:7109
Count 7998
##### Heap utilization statistics [MB] #####
Used Memory:6217
Free Memory:891
Total Memory:7109
Max Memory:7109
Count 7998
##### Heap utilization statistics [MB] #####
Used Memory:6217
Free Memory:891
Total Memory:7109
Max Memory:7109
Count 7998
##### Heap utilization statistics [MB] #####
Used Memory:6217
Free Memory:891
Total Memory:7109
Max Memory:7109
Count 7998
##### Heap utilization statistics [MB] #####
Used Memory:6217
Free Memory:891
Total Memory:7109
Max Memory:7109
Count 7998
##### Heap utilization statistics [MB] #####
Used Memory:6217
Free Memory:891
Total Memory:7109
Max Memory:7109
Count 7998
##### Heap utilization statistics [MB] #####
Used Memory:6217
Free Memory:891
Total Memory:7109
Max Memory:7109

Filename  33978.txt
Book Count7999
Count 7999
##### Heap utilization statistics [MB] #####
Used Memory:6217
Free Memory:891
Total Memory:7109
Max Memory:7109

Filename  33978-8.txt
Book Count8000
Count 8000
##### Heap utilization statistics [MB] #####
Used Memory:6217
Free Memory:891
Total Memory:7109
Max Memory:7109
Count 8000
##### Heap utilization statistics [MB] #####
Used Memory:6217
Free Memory:891
Total Memory:7109
Max Memory:7109

Filename  33973-8.txt
Book Count8001
Count 8001
##### Heap utilization statistics [MB] #####
Used Memory:6217
Free Memory:891
Total Memory:7109
Max Memory:7109
Count 8001
##### Heap utilization statistics [MB] #####
Used Memory:6217
Free Memory:891
Total Memory:7109
Max Memory:7109
Count 8001
##### Heap utilization statistics [MB] #####
Used Memory:6217
Free Memory:891
Total Memory:7109
Max Memory:7109

Filename  33973.txt
Book Count8002
Count 8002
##### Heap utilization statistics [MB] #####
Used Memory:6217
Free Memory:891
Total Memory:7109
Max Memory:7109
Count 8002
##### Heap utilization statistics [MB] #####
Used Memory:6217
Free Memory:891
Total Memory:7109
Max Memory:7109

Filename  33977-8.txt
Book Count8003
Count 8003
##### Heap utilization statistics [MB] #####
Used Memory:6217
Free Memory:891
Total Memory:7109
Max Memory:7109

Filename  33977.txt
Book Count8004
Count 8004
##### Heap utilization statistics [MB] #####
Used Memory:6217
Free Memory:891
Total Memory:7109
Max Memory:7109
Count 8004
##### Heap utilization statistics [MB] #####
Used Memory:6217
Free Memory:891
Total Memory:7109
Max Memory:7109
Count 8004
##### Heap utilization statistics [MB] #####
Used Memory:6217
Free Memory:891
Total Memory:7109
Max Memory:7109
Count 8004
##### Heap utilization statistics [MB] #####
Used Memory:6217
Free Memory:891
Total Memory:7109
Max Memory:7109
Count 8004
##### Heap utilization statistics [MB] #####
Used Memory:6217
Free Memory:891
Total Memory:7109
Max Memory:7109
Count 8004
##### Heap utilization statistics [MB] #####
Used Memory:6217
Free Memory:891
Total Memory:7109
Max Memory:7109
Count 8004
##### Heap utilization statistics [MB] #####
Used Memory:6217
Free Memory:891
Total Memory:7109
Max Memory:7109
Count 8004
##### Heap utilization statistics [MB] #####
Used Memory:6217
Free Memory:891
Total Memory:7109
Max Memory:7109
Count 8004
##### Heap utilization statistics [MB] #####
Used Memory:6217
Free Memory:891
Total Memory:7109
Max Memory:7109
Count 8004
##### Heap utilization statistics [MB] #####
Used Memory:6217
Free Memory:891
Total Memory:7109
Max Memory:7109
Count 8004
##### Heap utilization statistics [MB] #####
Used Memory:6217
Free Memory:891
Total Memory:7109
Max Memory:7109
Count 8004
##### Heap utilization statistics [MB] #####
Used Memory:6217
Free Memory:891
Total Memory:7109
Max Memory:7109
Count 8004
##### Heap utilization statistics [MB] #####
Used Memory:6217
Free Memory:891
Total Memory:7109
Max Memory:7109
Count 8004
##### Heap utilization statistics [MB] #####
Used Memory:6217
Free Memory:891
Total Memory:7109
Max Memory:7109
Count 8004
##### Heap utilization statistics [MB] #####
Used Memory:6217
Free Memory:891
Total Memory:7109
Max Memory:7109
Count 8004
##### Heap utilization statistics [MB] #####
Used Memory:6217
Free Memory:891
Total Memory:7109
Max Memory:7109
Count 8004
##### Heap utilization statistics [MB] #####
Used Memory:6217
Free Memory:891
Total Memory:7109
Max Memory:7109
Count 8004
##### Heap utilization statistics [MB] #####
Used Memory:6217
Free Memory:891
Total Memory:7109
Max Memory:7109
Count 8004
##### Heap utilization statistics [MB] #####
Used Memory:6217
Free Memory:891
Total Memory:7109
Max Memory:7109

Filename  33971.txt
Book Count8005
Count 8005
##### Heap utilization statistics [MB] #####
Used Memory:6217
Free Memory:891
Total Memory:7109
Max Memory:7109

Filename  33971-8.txt
Book Count8006
Count 8006
##### Heap utilization statistics [MB] #####
Used Memory:6217
Free Memory:891
Total Memory:7109
Max Memory:7109
Count 8006
##### Heap utilization statistics [MB] #####
Used Memory:6217
Free Memory:891
Total Memory:7109
Max Memory:7109

Filename  33970-8.txt
Book Count8007
Count 8007
##### Heap utilization statistics [MB] #####
Used Memory:6190
Free Memory:919
Total Memory:7109
Max Memory:7109

Filename  33970.txt
Book Count8008
Count 8008
##### Heap utilization statistics [MB] #####
Used Memory:6190
Free Memory:919
Total Memory:7109
Max Memory:7109
Count 8008
##### Heap utilization statistics [MB] #####
Used Memory:6190
Free Memory:919
Total Memory:7109
Max Memory:7109
Count 8008
##### Heap utilization statistics [MB] #####
Used Memory:6190
Free Memory:919
Total Memory:7109
Max Memory:7109
Count 8008
##### Heap utilization statistics [MB] #####
Used Memory:6190
Free Memory:919
Total Memory:7109
Max Memory:7109
Count 8008
##### Heap utilization statistics [MB] #####
Used Memory:6190
Free Memory:919
Total Memory:7109
Max Memory:7109
Count 8008
##### Heap utilization statistics [MB] #####
Used Memory:6190
Free Memory:919
Total Memory:7109
Max Memory:7109
Count 8008
##### Heap utilization statistics [MB] #####
Used Memory:6190
Free Memory:919
Total Memory:7109
Max Memory:7109
Count 8008
##### Heap utilization statistics [MB] #####
Used Memory:6190
Free Memory:919
Total Memory:7109
Max Memory:7109
Count 8008
##### Heap utilization statistics [MB] #####
Used Memory:6190
Free Memory:919
Total Memory:7109
Max Memory:7109
Count 8008
##### Heap utilization statistics [MB] #####
Used Memory:6190
Free Memory:919
Total Memory:7109
Max Memory:7109

Filename  33972.txt
Book Count8009
Count 8009
##### Heap utilization statistics [MB] #####
Used Memory:6190
Free Memory:919
Total Memory:7109
Max Memory:7109
Count 8009
##### Heap utilization statistics [MB] #####
Used Memory:6190
Free Memory:919
Total Memory:7109
Max Memory:7109
Count 8009
##### Heap utilization statistics [MB] #####
Used Memory:6190
Free Memory:919
Total Memory:7109
Max Memory:7109
Count 8009
##### Heap utilization statistics [MB] #####
Used Memory:6190
Free Memory:919
Total Memory:7109
Max Memory:7109
Count 8009
##### Heap utilization statistics [MB] #####
Used Memory:6190
Free Memory:919
Total Memory:7109
Max Memory:7109
Count 8009
##### Heap utilization statistics [MB] #####
Used Memory:6190
Free Memory:919
Total Memory:7109
Max Memory:7109
Count 8009
##### Heap utilization statistics [MB] #####
Used Memory:6190
Free Memory:919
Total Memory:7109
Max Memory:7109
Count 8009
##### Heap utilization statistics [MB] #####
Used Memory:6190
Free Memory:919
Total Memory:7109
Max Memory:7109

Filename  33975-8.txt
Book Count8010
Count 8010
##### Heap utilization statistics [MB] #####
Used Memory:6190
Free Memory:919
Total Memory:7109
Max Memory:7109

Filename  33975.txt
Book Count8011
Count 8011
##### Heap utilization statistics [MB] #####
Used Memory:6190
Free Memory:919
Total Memory:7109
Max Memory:7109
Count 8011
##### Heap utilization statistics [MB] #####
Used Memory:6190
Free Memory:919
Total Memory:7109
Max Memory:7109
Count 8011
##### Heap utilization statistics [MB] #####
Used Memory:6190
Free Memory:919
Total Memory:7109
Max Memory:7109
Count 8011
##### Heap utilization statistics [MB] #####
Used Memory:6190
Free Memory:919
Total Memory:7109
Max Memory:7109

Filename  33976.txt
Book Count8012
Count 8012
##### Heap utilization statistics [MB] #####
Used Memory:6190
Free Memory:919
Total Memory:7109
Max Memory:7109
Count 8012
##### Heap utilization statistics [MB] #####
Used Memory:6190
Free Memory:919
Total Memory:7109
Max Memory:7109
Count 8012
##### Heap utilization statistics [MB] #####
Used Memory:6190
Free Memory:919
Total Memory:7109
Max Memory:7109
Count 8012
##### Heap utilization statistics [MB] #####
Used Memory:6190
Free Memory:919
Total Memory:7109
Max Memory:7109
Count 8012
##### Heap utilization statistics [MB] #####
Used Memory:6190
Free Memory:919
Total Memory:7109
Max Memory:7109
Count 8012
##### Heap utilization statistics [MB] #####
Used Memory:6190
Free Memory:919
Total Memory:7109
Max Memory:7109
Count 8012
##### Heap utilization statistics [MB] #####
Used Memory:6190
Free Memory:919
Total Memory:7109
Max Memory:7109
Count 8012
##### Heap utilization statistics [MB] #####
Used Memory:6190
Free Memory:919
Total Memory:7109
Max Memory:7109
Count 8012
##### Heap utilization statistics [MB] #####
Used Memory:6190
Free Memory:919
Total Memory:7109
Max Memory:7109
Count 8012
##### Heap utilization statistics [MB] #####
Used Memory:6190
Free Memory:919
Total Memory:7109
Max Memory:7109
Count 8012
##### Heap utilization statistics [MB] #####
Used Memory:6190
Free Memory:919
Total Memory:7109
Max Memory:7109
Count 8012
##### Heap utilization statistics [MB] #####
Used Memory:6190
Free Memory:919
Total Memory:7109
Max Memory:7109
Count 8012
##### Heap utilization statistics [MB] #####
Used Memory:6190
Free Memory:919
Total Memory:7109
Max Memory:7109
Count 8012
##### Heap utilization statistics [MB] #####
Used Memory:6190
Free Memory:919
Total Memory:7109
Max Memory:7109
Count 8012
##### Heap utilization statistics [MB] #####
Used Memory:6190
Free Memory:919
Total Memory:7109
Max Memory:7109
Count 8012
##### Heap utilization statistics [MB] #####
Used Memory:6190
Free Memory:919
Total Memory:7109
Max Memory:7109
Count 8012
##### Heap utilization statistics [MB] #####
Used Memory:6190
Free Memory:919
Total Memory:7109
Max Memory:7109
Count 8012
##### Heap utilization statistics [MB] #####
Used Memory:6190
Free Memory:919
Total Memory:7109
Max Memory:7109
Count 8012
##### Heap utilization statistics [MB] #####
Used Memory:6190
Free Memory:919
Total Memory:7109
Max Memory:7109
Count 8012
##### Heap utilization statistics [MB] #####
Used Memory:6190
Free Memory:919
Total Memory:7109
Max Memory:7109

Filename  33974-8.txt
Book Count8013
Count 8013
##### Heap utilization statistics [MB] #####
Used Memory:6190
Free Memory:919
Total Memory:7109
Max Memory:7109

Filename  33974.txt
Book Count8014
Count 8014
##### Heap utilization statistics [MB] #####
Used Memory:6190
Free Memory:919
Total Memory:7109
Max Memory:7109
Count 8014
##### Heap utilization statistics [MB] #####
Used Memory:6190
Free Memory:919
Total Memory:7109
Max Memory:7109

Filename  33979-8.txt
Book Count8015
Count 8015
##### Heap utilization statistics [MB] #####
Used Memory:6190
Free Memory:919
Total Memory:7109
Max Memory:7109

Filename  33979.txt
Book Count8016
Count 8016
##### Heap utilization statistics [MB] #####
Used Memory:6190
Free Memory:919
Total Memory:7109
Max Memory:7109
Count 8016
##### Heap utilization statistics [MB] #####
Used Memory:6190
Free Memory:919
Total Memory:7109
Max Memory:7109
Count 8016
##### Heap utilization statistics [MB] #####
Used Memory:6190
Free Memory:919
Total Memory:7109
Max Memory:7109
Count 8016
##### Heap utilization statistics [MB] #####
Used Memory:6190
Free Memory:919
Total Memory:7109
Max Memory:7109
Count 8016
##### Heap utilization statistics [MB] #####
Used Memory:6190
Free Memory:919
Total Memory:7109
Max Memory:7109

Filename  3391.txt
Book Count8017
Count 8017
##### Heap utilization statistics [MB] #####
Used Memory:6190
Free Memory:919
Total Memory:7109
Max Memory:7109
Count 8017
##### Heap utilization statistics [MB] #####
Used Memory:6190
Free Memory:919
Total Memory:7109
Max Memory:7109
Count 8017
##### Heap utilization statistics [MB] #####
Used Memory:6190
Free Memory:919
Total Memory:7109
Max Memory:7109
Count 8017
##### Heap utilization statistics [MB] #####
Used Memory:6190
Free Memory:919
Total Memory:7109
Max Memory:7109
Count 8017
##### Heap utilization statistics [MB] #####
Used Memory:6190
Free Memory:919
Total Memory:7109
Max Memory:7109

Filename  334.txt
Book Count8018
Count 8018
##### Heap utilization statistics [MB] #####
Used Memory:6190
Free Memory:919
Total Memory:7109
Max Memory:7109
Count 8018
##### Heap utilization statistics [MB] #####
Used Memory:6190
Free Memory:919
Total Memory:7109
Max Memory:7109
Count 8018
##### Heap utilization statistics [MB] #####
Used Memory:6190
Free Memory:919
Total Memory:7109
Max Memory:7109
Count 8018
##### Heap utilization statistics [MB] #####
Used Memory:6190
Free Memory:919
Total Memory:7109
Max Memory:7109

Filename  33769-8.txt
Book Count8019
Count 8019
##### Heap utilization statistics [MB] #####
Used Memory:6190
Free Memory:919
Total Memory:7109
Max Memory:7109

Filename  33769.txt
Book Count8020
Count 8020
##### Heap utilization statistics [MB] #####
Used Memory:6190
Free Memory:919
Total Memory:7109
Max Memory:7109
Count 8020
##### Heap utilization statistics [MB] #####
Used Memory:6190
Free Memory:919
Total Memory:7109
Max Memory:7109
Count 8020
##### Heap utilization statistics [MB] #####
Used Memory:6190
Free Memory:919
Total Memory:7109
Max Memory:7109
Count 8020
##### Heap utilization statistics [MB] #####
Used Memory:6190
Free Memory:919
Total Memory:7109
Max Memory:7109

Filename  33763.txt
Book Count8021
Count 8021
##### Heap utilization statistics [MB] #####
Used Memory:6190
Free Memory:919
Total Memory:7109
Max Memory:7109

Filename  33763-8.txt
Book Count8022
Count 8022
##### Heap utilization statistics [MB] #####
Used Memory:6190
Free Memory:919
Total Memory:7109
Max Memory:7109
Count 8022
##### Heap utilization statistics [MB] #####
Used Memory:6190
Free Memory:919
Total Memory:7109
Max Memory:7109

Filename  33765-8.txt
Book Count8023
Count 8023
##### Heap utilization statistics [MB] #####
Used Memory:6191
Free Memory:917
Total Memory:7109
Max Memory:7109
Count 8023
##### Heap utilization statistics [MB] #####
Used Memory:6191
Free Memory:917
Total Memory:7109
Max Memory:7109
Count 8023
##### Heap utilization statistics [MB] #####
Used Memory:6191
Free Memory:917
Total Memory:7109
Max Memory:7109

Filename  33765.txt
Book Count8024
Count 8024
##### Heap utilization statistics [MB] #####
Used Memory:6192
Free Memory:916
Total Memory:7109
Max Memory:7109
Count 8024
##### Heap utilization statistics [MB] #####
Used Memory:6192
Free Memory:916
Total Memory:7109
Max Memory:7109
Count 8024
##### Heap utilization statistics [MB] #####
Used Memory:6192
Free Memory:916
Total Memory:7109
Max Memory:7109
Count 8024
##### Heap utilization statistics [MB] #####
Used Memory:6192
Free Memory:916
Total Memory:7109
Max Memory:7109
Count 8024
##### Heap utilization statistics [MB] #####
Used Memory:6192
Free Memory:916
Total Memory:7109
Max Memory:7109
Count 8024
##### Heap utilization statistics [MB] #####
Used Memory:6192
Free Memory:916
Total Memory:7109
Max Memory:7109
Count 8024
##### Heap utilization statistics [MB] #####
Used Memory:6192
Free Memory:916
Total Memory:7109
Max Memory:7109
Count 8024
##### Heap utilization statistics [MB] #####
Used Memory:6192
Free Memory:916
Total Memory:7109
Max Memory:7109
Count 8024
##### Heap utilization statistics [MB] #####
Used Memory:6192
Free Memory:916
Total Memory:7109
Max Memory:7109
Count 8024
##### Heap utilization statistics [MB] #####
Used Memory:6192
Free Memory:916
Total Memory:7109
Max Memory:7109
Count 8024
##### Heap utilization statistics [MB] #####
Used Memory:6192
Free Memory:916
Total Memory:7109
Max Memory:7109
Count 8024
##### Heap utilization statistics [MB] #####
Used Memory:6192
Free Memory:916
Total Memory:7109
Max Memory:7109
Count 8024
##### Heap utilization statistics [MB] #####
Used Memory:6192
Free Memory:916
Total Memory:7109
Max Memory:7109
Count 8024
##### Heap utilization statistics [MB] #####
Used Memory:6192
Free Memory:916
Total Memory:7109
Max Memory:7109
Count 8024
##### Heap utilization statistics [MB] #####
Used Memory:6192
Free Memory:916
Total Memory:7109
Max Memory:7109

Filename  33761.txt
Book Count8025
Count 8025
##### Heap utilization statistics [MB] #####
Used Memory:6194
Free Memory:915
Total Memory:7109
Max Memory:7109

Filename  33761-8.txt
Book Count8026
Count 8026
##### Heap utilization statistics [MB] #####
Used Memory:6195
Free Memory:913
Total Memory:7109
Max Memory:7109
Count 8026
##### Heap utilization statistics [MB] #####
Used Memory:6195
Free Memory:913
Total Memory:7109
Max Memory:7109
Count 8026
##### Heap utilization statistics [MB] #####
Used Memory:6195
Free Memory:913
Total Memory:7109
Max Memory:7109
Count 8026
##### Heap utilization statistics [MB] #####
Used Memory:6195
Free Memory:913
Total Memory:7109
Max Memory:7109
Count 8026
##### Heap utilization statistics [MB] #####
Used Memory:6195
Free Memory:913
Total Memory:7109
Max Memory:7109
Count 8026
##### Heap utilization statistics [MB] #####
Used Memory:6195
Free Memory:913
Total Memory:7109
Max Memory:7109
Count 8026
##### Heap utilization statistics [MB] #####
Used Memory:6195
Free Memory:913
Total Memory:7109
Max Memory:7109
Count 8026
##### Heap utilization statistics [MB] #####
Used Memory:6195
Free Memory:913
Total Memory:7109
Max Memory:7109
Count 8026
##### Heap utilization statistics [MB] #####
Used Memory:6195
Free Memory:913
Total Memory:7109
Max Memory:7109
Count 8026
##### Heap utilization statistics [MB] #####
Used Memory:6195
Free Memory:913
Total Memory:7109
Max Memory:7109
Count 8026
##### Heap utilization statistics [MB] #####
Used Memory:6195
Free Memory:913
Total Memory:7109
Max Memory:7109
Count 8026
##### Heap utilization statistics [MB] #####
Used Memory:6195
Free Memory:913
Total Memory:7109
Max Memory:7109
Count 8026
##### Heap utilization statistics [MB] #####
Used Memory:6195
Free Memory:913
Total Memory:7109
Max Memory:7109
Count 8026
##### Heap utilization statistics [MB] #####
Used Memory:6195
Free Memory:913
Total Memory:7109
Max Memory:7109
Count 8026
##### Heap utilization statistics [MB] #####
Used Memory:6195
Free Memory:913
Total Memory:7109
Max Memory:7109
Count 8026
##### Heap utilization statistics [MB] #####
Used Memory:6195
Free Memory:913
Total Memory:7109
Max Memory:7109
Count 8026
##### Heap utilization statistics [MB] #####
Used Memory:6195
Free Memory:913
Total Memory:7109
Max Memory:7109
Count 8026
##### Heap utilization statistics [MB] #####
Used Memory:6195
Free Memory:913
Total Memory:7109
Max Memory:7109
Count 8026
##### Heap utilization statistics [MB] #####
Used Memory:6195
Free Memory:913
Total Memory:7109
Max Memory:7109
Count 8026
##### Heap utilization statistics [MB] #####
Used Memory:6195
Free Memory:913
Total Memory:7109
Max Memory:7109
Count 8026
##### Heap utilization statistics [MB] #####
Used Memory:6195
Free Memory:913
Total Memory:7109
Max Memory:7109

Filename  33764-8.txt
Book Count8027
Count 8027
##### Heap utilization statistics [MB] #####
Used Memory:6199
Free Memory:910
Total Memory:7109
Max Memory:7109
Count 8027
##### Heap utilization statistics [MB] #####
Used Memory:6199
Free Memory:910
Total Memory:7109
Max Memory:7109
Count 8027
##### Heap utilization statistics [MB] #####
Used Memory:6199
Free Memory:910
Total Memory:7109
Max Memory:7109
Count 8027
##### Heap utilization statistics [MB] #####
Used Memory:6199
Free Memory:910
Total Memory:7109
Max Memory:7109
Count 8027
##### Heap utilization statistics [MB] #####
Used Memory:6199
Free Memory:910
Total Memory:7109
Max Memory:7109
Count 8027
##### Heap utilization statistics [MB] #####
Used Memory:6199
Free Memory:910
Total Memory:7109
Max Memory:7109
Count 8027
##### Heap utilization statistics [MB] #####
Used Memory:6199
Free Memory:910
Total Memory:7109
Max Memory:7109
Count 8027
##### Heap utilization statistics [MB] #####
Used Memory:6199
Free Memory:910
Total Memory:7109
Max Memory:7109
Count 8027
##### Heap utilization statistics [MB] #####
Used Memory:6199
Free Memory:910
Total Memory:7109
Max Memory:7109
Count 8027
##### Heap utilization statistics [MB] #####
Used Memory:6199
Free Memory:910
Total Memory:7109
Max Memory:7109
Count 8027
##### Heap utilization statistics [MB] #####
Used Memory:6199
Free Memory:910
Total Memory:7109
Max Memory:7109
Count 8027
##### Heap utilization statistics [MB] #####
Used Memory:6199
Free Memory:910
Total Memory:7109
Max Memory:7109
Count 8027
##### Heap utilization statistics [MB] #####
Used Memory:6199
Free Memory:910
Total Memory:7109
Max Memory:7109
Count 8027
##### Heap utilization statistics [MB] #####
Used Memory:6199
Free Memory:910
Total Memory:7109
Max Memory:7109
Count 8027
##### Heap utilization statistics [MB] #####
Used Memory:6199
Free Memory:910
Total Memory:7109
Max Memory:7109
Count 8027
##### Heap utilization statistics [MB] #####
Used Memory:6199
Free Memory:910
Total Memory:7109
Max Memory:7109
Count 8027
##### Heap utilization statistics [MB] #####
Used Memory:6199
Free Memory:910
Total Memory:7109
Max Memory:7109
Count 8027
##### Heap utilization statistics [MB] #####
Used Memory:6199
Free Memory:910
Total Memory:7109
Max Memory:7109
Count 8027
##### Heap utilization statistics [MB] #####
Used Memory:6199
Free Memory:910
Total Memory:7109
Max Memory:7109
Count 8027
##### Heap utilization statistics [MB] #####
Used Memory:6199
Free Memory:910
Total Memory:7109
Max Memory:7109
Count 8027
##### Heap utilization statistics [MB] #####
Used Memory:6199
Free Memory:910
Total Memory:7109
Max Memory:7109
Count 8027
##### Heap utilization statistics [MB] #####
Used Memory:6199
Free Memory:910
Total Memory:7109
Max Memory:7109
Count 8027
##### Heap utilization statistics [MB] #####
Used Memory:6199
Free Memory:910
Total Memory:7109
Max Memory:7109
Count 8027
##### Heap utilization statistics [MB] #####
Used Memory:6199
Free Memory:910
Total Memory:7109
Max Memory:7109
Count 8027
##### Heap utilization statistics [MB] #####
Used Memory:6199
Free Memory:910
Total Memory:7109
Max Memory:7109
Count 8027
##### Heap utilization statistics [MB] #####
Used Memory:6199
Free Memory:910
Total Memory:7109
Max Memory:7109
Count 8027
##### Heap utilization statistics [MB] #####
Used Memory:6199
Free Memory:910
Total Memory:7109
Max Memory:7109
Count 8027
##### Heap utilization statistics [MB] #####
Used Memory:6199
Free Memory:910
Total Memory:7109
Max Memory:7109
Count 8027
##### Heap utilization statistics [MB] #####
Used Memory:6199
Free Memory:910
Total Memory:7109
Max Memory:7109
Count 8027
##### Heap utilization statistics [MB] #####
Used Memory:6199
Free Memory:910
Total Memory:7109
Max Memory:7109
Count 8027
##### Heap utilization statistics [MB] #####
Used Memory:6199
Free Memory:910
Total Memory:7109
Max Memory:7109
Count 8027
##### Heap utilization statistics [MB] #####
Used Memory:6199
Free Memory:910
Total Memory:7109
Max Memory:7109
Count 8027
##### Heap utilization statistics [MB] #####
Used Memory:6199
Free Memory:910
Total Memory:7109
Max Memory:7109
Count 8027
##### Heap utilization statistics [MB] #####
Used Memory:6199
Free Memory:910
Total Memory:7109
Max Memory:7109
Count 8027
##### Heap utilization statistics [MB] #####
Used Memory:6199
Free Memory:910
Total Memory:7109
Max Memory:7109
Count 8027
##### Heap utilization statistics [MB] #####
Used Memory:6199
Free Memory:910
Total Memory:7109
Max Memory:7109
Count 8027
##### Heap utilization statistics [MB] #####
Used Memory:6199
Free Memory:910
Total Memory:7109
Max Memory:7109
Count 8027
##### Heap utilization statistics [MB] #####
Used Memory:6199
Free Memory:910
Total Memory:7109
Max Memory:7109
Count 8027
##### Heap utilization statistics [MB] #####
Used Memory:6199
Free Memory:910
Total Memory:7109
Max Memory:7109
Count 8027
##### Heap utilization statistics [MB] #####
Used Memory:6199
Free Memory:910
Total Memory:7109
Max Memory:7109
Count 8027
##### Heap utilization statistics [MB] #####
Used Memory:6199
Free Memory:910
Total Memory:7109
Max Memory:7109
Count 8027
##### Heap utilization statistics [MB] #####
Used Memory:6199
Free Memory:910
Total Memory:7109
Max Memory:7109
Count 8027
##### Heap utilization statistics [MB] #####
Used Memory:6199
Free Memory:910
Total Memory:7109
Max Memory:7109
Count 8027
##### Heap utilization statistics [MB] #####
Used Memory:6199
Free Memory:910
Total Memory:7109
Max Memory:7109
Count 8027
##### Heap utilization statistics [MB] #####
Used Memory:6199
Free Memory:910
Total Memory:7109
Max Memory:7109
Count 8027
##### Heap utilization statistics [MB] #####
Used Memory:6199
Free Memory:910
Total Memory:7109
Max Memory:7109
Count 8027
##### Heap utilization statistics [MB] #####
Used Memory:6199
Free Memory:910
Total Memory:7109
Max Memory:7109
Count 8027
##### Heap utilization statistics [MB] #####
Used Memory:6199
Free Memory:910
Total Memory:7109
Max Memory:7109
Count 8027
##### Heap utilization statistics [MB] #####
Used Memory:6199
Free Memory:910
Total Memory:7109
Max Memory:7109
Count 8027
##### Heap utilization statistics [MB] #####
Used Memory:6199
Free Memory:910
Total Memory:7109
Max Memory:7109
Count 8027
##### Heap utilization statistics [MB] #####
Used Memory:6199
Free Memory:910
Total Memory:7109
Max Memory:7109
Count 8027
##### Heap utilization statistics [MB] #####
Used Memory:6199
Free Memory:910
Total Memory:7109
Max Memory:7109
Count 8027
##### Heap utilization statistics [MB] #####
Used Memory:6199
Free Memory:910
Total Memory:7109
Max Memory:7109
Count 8027
##### Heap utilization statistics [MB] #####
Used Memory:6199
Free Memory:910
Total Memory:7109
Max Memory:7109
Count 8027
##### Heap utilization statistics [MB] #####
Used Memory:6199
Free Memory:910
Total Memory:7109
Max Memory:7109
Count 8027
##### Heap utilization statistics [MB] #####
Used Memory:6199
Free Memory:910
Total Memory:7109
Max Memory:7109
Count 8027
##### Heap utilization statistics [MB] #####
Used Memory:6199
Free Memory:910
Total Memory:7109
Max Memory:7109
Count 8027
##### Heap utilization statistics [MB] #####
Used Memory:6199
Free Memory:910
Total Memory:7109
Max Memory:7109
Count 8027
##### Heap utilization statistics [MB] #####
Used Memory:6199
Free Memory:910
Total Memory:7109
Max Memory:7109
Count 8027
##### Heap utilization statistics [MB] #####
Used Memory:6199
Free Memory:910
Total Memory:7109
Max Memory:7109
Count 8027
##### Heap utilization statistics [MB] #####
Used Memory:6199
Free Memory:910
Total Memory:7109
Max Memory:7109
Count 8027
##### Heap utilization statistics [MB] #####
Used Memory:6199
Free Memory:910
Total Memory:7109
Max Memory:7109
Count 8027
##### Heap utilization statistics [MB] #####
Used Memory:6199
Free Memory:910
Total Memory:7109
Max Memory:7109
Count 8027
##### Heap utilization statistics [MB] #####
Used Memory:6199
Free Memory:910
Total Memory:7109
Max Memory:7109
Count 8027
##### Heap utilization statistics [MB] #####
Used Memory:6199
Free Memory:910
Total Memory:7109
Max Memory:7109
Count 8027
##### Heap utilization statistics [MB] #####
Used Memory:6199
Free Memory:910
Total Memory:7109
Max Memory:7109
Count 8027
##### Heap utilization statistics [MB] #####
Used Memory:6199
Free Memory:910
Total Memory:7109
Max Memory:7109
Count 8027
##### Heap utilization statistics [MB] #####
Used Memory:6199
Free Memory:910
Total Memory:7109
Max Memory:7109
Count 8027
##### Heap utilization statistics [MB] #####
Used Memory:6199
Free Memory:910
Total Memory:7109
Max Memory:7109
Count 8027
##### Heap utilization statistics [MB] #####
Used Memory:6199
Free Memory:910
Total Memory:7109
Max Memory:7109
Count 8027
##### Heap utilization statistics [MB] #####
Used Memory:6208
Free Memory:900
Total Memory:7109
Max Memory:7109
Count 8027
##### Heap utilization statistics [MB] #####
Used Memory:6208
Free Memory:900
Total Memory:7109
Max Memory:7109
Count 8027
##### Heap utilization statistics [MB] #####
Used Memory:6208
Free Memory:900
Total Memory:7109
Max Memory:7109
Count 8027
##### Heap utilization statistics [MB] #####
Used Memory:6208
Free Memory:900
Total Memory:7109
Max Memory:7109
Count 8027
##### Heap utilization statistics [MB] #####
Used Memory:6208
Free Memory:900
Total Memory:7109
Max Memory:7109
Count 8027
##### Heap utilization statistics [MB] #####
Used Memory:6208
Free Memory:900
Total Memory:7109
Max Memory:7109
Count 8027
##### Heap utilization statistics [MB] #####
Used Memory:6208
Free Memory:900
Total Memory:7109
Max Memory:7109
Count 8027
##### Heap utilization statistics [MB] #####
Used Memory:6208
Free Memory:900
Total Memory:7109
Max Memory:7109
Count 8027
##### Heap utilization statistics [MB] #####
Used Memory:6208
Free Memory:900
Total Memory:7109
Max Memory:7109
Count 8027
##### Heap utilization statistics [MB] #####
Used Memory:6208
Free Memory:900
Total Memory:7109
Max Memory:7109
Count 8027
##### Heap utilization statistics [MB] #####
Used Memory:6208
Free Memory:900
Total Memory:7109
Max Memory:7109
Count 8027
##### Heap utilization statistics [MB] #####
Used Memory:6208
Free Memory:900
Total Memory:7109
Max Memory:7109

Filename  33767-8.txt
Book Count8028
Count 8028
##### Heap utilization statistics [MB] #####
Used Memory:6208
Free Memory:900
Total Memory:7109
Max Memory:7109

Filename  33767.txt
Book Count8029
Count 8029
##### Heap utilization statistics [MB] #####
Used Memory:6208
Free Memory:900
Total Memory:7109
Max Memory:7109
Count 8029
##### Heap utilization statistics [MB] #####
Used Memory:6208
Free Memory:900
Total Memory:7109
Max Memory:7109
Count 8029
##### Heap utilization statistics [MB] #####
Used Memory:6208
Free Memory:900
Total Memory:7109
Max Memory:7109
Count 8029
##### Heap utilization statistics [MB] #####
Used Memory:6208
Free Memory:900
Total Memory:7109
Max Memory:7109
Count 8029
##### Heap utilization statistics [MB] #####
Used Memory:6208
Free Memory:900
Total Memory:7109
Max Memory:7109
Count 8029
##### Heap utilization statistics [MB] #####
Used Memory:6208
Free Memory:900
Total Memory:7109
Max Memory:7109
Count 8029
##### Heap utilization statistics [MB] #####
Used Memory:6208
Free Memory:900
Total Memory:7109
Max Memory:7109
Count 8029
##### Heap utilization statistics [MB] #####
Used Memory:6208
Free Memory:900
Total Memory:7109
Max Memory:7109
Count 8029
##### Heap utilization statistics [MB] #####
Used Memory:6208
Free Memory:900
Total Memory:7109
Max Memory:7109
Count 8029
##### Heap utilization statistics [MB] #####
Used Memory:6208
Free Memory:900
Total Memory:7109
Max Memory:7109
Count 8029
##### Heap utilization statistics [MB] #####
Used Memory:6208
Free Memory:900
Total Memory:7109
Max Memory:7109
Count 8029
##### Heap utilization statistics [MB] #####
Used Memory:6208
Free Memory:900
Total Memory:7109
Max Memory:7109

Filename  33768-8.txt
Book Count8030
Count 8030
##### Heap utilization statistics [MB] #####
Used Memory:6208
Free Memory:900
Total Memory:7109
Max Memory:7109

Filename  33768-0.txt
Book Count8031
Count 8031
##### Heap utilization statistics [MB] #####
Used Memory:6208
Free Memory:900
Total Memory:7109
Max Memory:7109
Count 8031
##### Heap utilization statistics [MB] #####
Used Memory:6208
Free Memory:900
Total Memory:7109
Max Memory:7109

Filename  33760.txt
Book Count8032
Count 8032
##### Heap utilization statistics [MB] #####
Used Memory:6208
Free Memory:900
Total Memory:7109
Max Memory:7109
Count 8032
##### Heap utilization statistics [MB] #####
Used Memory:6208
Free Memory:900
Total Memory:7109
Max Memory:7109
Count 8032
##### Heap utilization statistics [MB] #####
Used Memory:6208
Free Memory:900
Total Memory:7109
Max Memory:7109
Count 8032
##### Heap utilization statistics [MB] #####
Used Memory:6208
Free Memory:900
Total Memory:7109
Max Memory:7109
Count 8032
##### Heap utilization statistics [MB] #####
Used Memory:6208
Free Memory:900
Total Memory:7109
Max Memory:7109
Count 8032
##### Heap utilization statistics [MB] #####
Used Memory:6208
Free Memory:900
Total Memory:7109
Max Memory:7109
Count 8032
##### Heap utilization statistics [MB] #####
Used Memory:6208
Free Memory:900
Total Memory:7109
Max Memory:7109
Count 8032
##### Heap utilization statistics [MB] #####
Used Memory:6208
Free Memory:900
Total Memory:7109
Max Memory:7109
Count 8032
##### Heap utilization statistics [MB] #####
Used Memory:6208
Free Memory:900
Total Memory:7109
Max Memory:7109
Count 8032
##### Heap utilization statistics [MB] #####
Used Memory:6208
Free Memory:900
Total Memory:7109
Max Memory:7109
Count 8032
##### Heap utilization statistics [MB] #####
Used Memory:6208
Free Memory:900
Total Memory:7109
Max Memory:7109
Count 8032
##### Heap utilization statistics [MB] #####
Used Memory:6208
Free Memory:900
Total Memory:7109
Max Memory:7109
Count 8032
##### Heap utilization statistics [MB] #####
Used Memory:6208
Free Memory:900
Total Memory:7109
Max Memory:7109
Count 8032
##### Heap utilization statistics [MB] #####
Used Memory:6208
Free Memory:900
Total Memory:7109
Max Memory:7109
Count 8032
##### Heap utilization statistics [MB] #####
Used Memory:6208
Free Memory:900
Total Memory:7109
Max Memory:7109
Count 8032
##### Heap utilization statistics [MB] #####
Used Memory:6208
Free Memory:900
Total Memory:7109
Max Memory:7109
Count 8032
##### Heap utilization statistics [MB] #####
Used Memory:6208
Free Memory:900
Total Memory:7109
Max Memory:7109
Count 8032
##### Heap utilization statistics [MB] #####
Used Memory:6208
Free Memory:900
Total Memory:7109
Max Memory:7109
Count 8032
##### Heap utilization statistics [MB] #####
Used Memory:6208
Free Memory:900
Total Memory:7109
Max Memory:7109
Count 8032
##### Heap utilization statistics [MB] #####
Used Memory:6208
Free Memory:900
Total Memory:7109
Max Memory:7109
Count 8032
##### Heap utilization statistics [MB] #####
Used Memory:6208
Free Memory:900
Total Memory:7109
Max Memory:7109

Filename  33762.txt
Book Count8033
Count 8033
##### Heap utilization statistics [MB] #####
Used Memory:6208
Free Memory:900
Total Memory:7109
Max Memory:7109

Filename  33762-8.txt
Book Count8034
Count 8034
##### Heap utilization statistics [MB] #####
Used Memory:6208
Free Memory:900
Total Memory:7109
Max Memory:7109
Count 8034
##### Heap utilization statistics [MB] #####
Used Memory:6208
Free Memory:900
Total Memory:7109
Max Memory:7109

Filename  33766.txt
Book Count8035
Count 8035
##### Heap utilization statistics [MB] #####
Used Memory:6208
Free Memory:900
Total Memory:7109
Max Memory:7109

Filename  33766-8.txt
Book Count8036
Count 8036
##### Heap utilization statistics [MB] #####
Used Memory:6208
Free Memory:900
Total Memory:7109
Max Memory:7109
Count 8036
##### Heap utilization statistics [MB] #####
Used Memory:6208
Free Memory:900
Total Memory:7109
Max Memory:7109
Count 8036
##### Heap utilization statistics [MB] #####
Used Memory:6208
Free Memory:900
Total Memory:7109
Max Memory:7109
Count 8036
##### Heap utilization statistics [MB] #####
Used Memory:6208
Free Memory:900
Total Memory:7109
Max Memory:7109
Count 8036
##### Heap utilization statistics [MB] #####
Used Memory:6208
Free Memory:900
Total Memory:7109
Max Memory:7109
Count 8036
##### Heap utilization statistics [MB] #####
Used Memory:6208
Free Memory:900
Total Memory:7109
Max Memory:7109
Count 8036
##### Heap utilization statistics [MB] #####
Used Memory:6208
Free Memory:900
Total Memory:7109
Max Memory:7109
Count 8036
##### Heap utilization statistics [MB] #####
Used Memory:6208
Free Memory:900
Total Memory:7109
Max Memory:7109
Count 8036
##### Heap utilization statistics [MB] #####
Used Memory:6208
Free Memory:900
Total Memory:7109
Max Memory:7109
Count 8036
##### Heap utilization statistics [MB] #####
Used Memory:6208
Free Memory:900
Total Memory:7109
Max Memory:7109
Count 8036
##### Heap utilization statistics [MB] #####
Used Memory:6208
Free Memory:900
Total Memory:7109
Max Memory:7109
Count 8036
##### Heap utilization statistics [MB] #####
Used Memory:6208
Free Memory:900
Total Memory:7109
Max Memory:7109
Count 8036
##### Heap utilization statistics [MB] #####
Used Memory:6208
Free Memory:900
Total Memory:7109
Max Memory:7109
Count 8036
##### Heap utilization statistics [MB] #####
Used Memory:6208
Free Memory:900
Total Memory:7109
Max Memory:7109
Count 8036
##### Heap utilization statistics [MB] #####
Used Memory:6208
Free Memory:900
Total Memory:7109
Max Memory:7109
Count 8036
##### Heap utilization statistics [MB] #####
Used Memory:6208
Free Memory:900
Total Memory:7109
Max Memory:7109
Count 8036
##### Heap utilization statistics [MB] #####
Used Memory:6208
Free Memory:900
Total Memory:7109
Max Memory:7109
Count 8036
##### Heap utilization statistics [MB] #####
Used Memory:6208
Free Memory:900
Total Memory:7109
Max Memory:7109
Count 8036
##### Heap utilization statistics [MB] #####
Used Memory:6208
Free Memory:900
Total Memory:7109
Max Memory:7109
Count 8036
##### Heap utilization statistics [MB] #####
Used Memory:6208
Free Memory:900
Total Memory:7109
Max Memory:7109
Count 8036
##### Heap utilization statistics [MB] #####
Used Memory:6208
Free Memory:900
Total Memory:7109
Max Memory:7109
Count 8036
##### Heap utilization statistics [MB] #####
Used Memory:6208
Free Memory:900
Total Memory:7109
Max Memory:7109
Count 8036
##### Heap utilization statistics [MB] #####
Used Memory:6208
Free Memory:900
Total Memory:7109
Max Memory:7109
Count 8036
##### Heap utilization statistics [MB] #####
Used Memory:6208
Free Memory:900
Total Memory:7109
Max Memory:7109
Count 8036
##### Heap utilization statistics [MB] #####
Used Memory:6208
Free Memory:900
Total Memory:7109
Max Memory:7109
Count 8036
##### Heap utilization statistics [MB] #####
Used Memory:6208
Free Memory:900
Total Memory:7109
Max Memory:7109
Count 8036
##### Heap utilization statistics [MB] #####
Used Memory:6208
Free Memory:900
Total Memory:7109
Max Memory:7109
Count 8036
##### Heap utilization statistics [MB] #####
Used Memory:6208
Free Memory:900
Total Memory:7109
Max Memory:7109
Count 8036
##### Heap utilization statistics [MB] #####
Used Memory:6208
Free Memory:900
Total Memory:7109
Max Memory:7109
Count 8036
##### Heap utilization statistics [MB] #####
Used Memory:6208
Free Memory:900
Total Memory:7109
Max Memory:7109
Count 8036
##### Heap utilization statistics [MB] #####
Used Memory:6208
Free Memory:900
Total Memory:7109
Max Memory:7109
Count 8036
##### Heap utilization statistics [MB] #####
Used Memory:6208
Free Memory:900
Total Memory:7109
Max Memory:7109
Count 8036
##### Heap utilization statistics [MB] #####
Used Memory:6208
Free Memory:900
Total Memory:7109
Max Memory:7109
Count 8036
##### Heap utilization statistics [MB] #####
Used Memory:6208
Free Memory:900
Total Memory:7109
Max Memory:7109
Count 8036
##### Heap utilization statistics [MB] #####
Used Memory:6208
Free Memory:900
Total Memory:7109
Max Memory:7109
Count 8036
##### Heap utilization statistics [MB] #####
Used Memory:6208
Free Memory:900
Total Memory:7109
Max Memory:7109
Count 8036
##### Heap utilization statistics [MB] #####
Used Memory:6208
Free Memory:900
Total Memory:7109
Max Memory:7109
Count 8036
##### Heap utilization statistics [MB] #####
Used Memory:6208
Free Memory:900
Total Memory:7109
Max Memory:7109
Count 8036
##### Heap utilization statistics [MB] #####
Used Memory:6208
Free Memory:900
Total Memory:7109
Max Memory:7109
Count 8036
##### Heap utilization statistics [MB] #####
Used Memory:6208
Free Memory:900
Total Memory:7109
Max Memory:7109
Count 8036
##### Heap utilization statistics [MB] #####
Used Memory:6208
Free Memory:900
Total Memory:7109
Max Memory:7109
Count 8036
##### Heap utilization statistics [MB] #####
Used Memory:6208
Free Memory:900
Total Memory:7109
Max Memory:7109
Count 8036
##### Heap utilization statistics [MB] #####
Used Memory:6208
Free Memory:900
Total Memory:7109
Max Memory:7109
Count 8036
##### Heap utilization statistics [MB] #####
Used Memory:6208
Free Memory:900
Total Memory:7109
Max Memory:7109
Count 8036
##### Heap utilization statistics [MB] #####
Used Memory:6208
Free Memory:900
Total Memory:7109
Max Memory:7109
Count 8036
##### Heap utilization statistics [MB] #####
Used Memory:6208
Free Memory:900
Total Memory:7109
Max Memory:7109
Count 8036
##### Heap utilization statistics [MB] #####
Used Memory:6208
Free Memory:900
Total Memory:7109
Max Memory:7109
Count 8036
##### Heap utilization statistics [MB] #####
Used Memory:6208
Free Memory:900
Total Memory:7109
Max Memory:7109
Count 8036
##### Heap utilization statistics [MB] #####
Used Memory:6208
Free Memory:900
Total Memory:7109
Max Memory:7109

Filename  3377.txt
Book Count8037
Count 8037
##### Heap utilization statistics [MB] #####
Used Memory:6208
Free Memory:900
Total Memory:7109
Max Memory:7109
Count 8037
##### Heap utilization statistics [MB] #####
Used Memory:6208
Free Memory:900
Total Memory:7109
Max Memory:7109

Filename  3376.txt
Book Count8038
Count 8038
##### Heap utilization statistics [MB] #####
Used Memory:6208
Free Memory:900
Total Memory:7109
Max Memory:7109
Count 8038
##### Heap utilization statistics [MB] #####
Used Memory:6208
Free Memory:900
Total Memory:7109
Max Memory:7109
Count 8038
##### Heap utilization statistics [MB] #####
Used Memory:6208
Free Memory:900
Total Memory:7109
Max Memory:7109
Count 8038
##### Heap utilization statistics [MB] #####
Used Memory:6208
Free Memory:900
Total Memory:7109
Max Memory:7109
Count 8038
##### Heap utilization statistics [MB] #####
Used Memory:6208
Free Memory:900
Total Memory:7109
Max Memory:7109
Count 8038
##### Heap utilization statistics [MB] #####
Used Memory:6208
Free Memory:900
Total Memory:7109
Max Memory:7109
Count 8038
##### Heap utilization statistics [MB] #####
Used Memory:6208
Free Memory:900
Total Memory:7109
Max Memory:7109
Count 8038
##### Heap utilization statistics [MB] #####
Used Memory:6208
Free Memory:900
Total Memory:7109
Max Memory:7109
Count 8038
##### Heap utilization statistics [MB] #####
Used Memory:6208
Free Memory:900
Total Memory:7109
Max Memory:7109
Count 8038
##### Heap utilization statistics [MB] #####
Used Memory:6208
Free Memory:900
Total Memory:7109
Max Memory:7109
Count 8038
##### Heap utilization statistics [MB] #####
Used Memory:6208
Free Memory:900
Total Memory:7109
Max Memory:7109
Count 8038
##### Heap utilization statistics [MB] #####
Used Memory:6208
Free Memory:900
Total Memory:7109
Max Memory:7109
Count 8038
##### Heap utilization statistics [MB] #####
Used Memory:6208
Free Memory:900
Total Memory:7109
Max Memory:7109
Count 8038
##### Heap utilization statistics [MB] #####
Used Memory:6208
Free Memory:900
Total Memory:7109
Max Memory:7109
Count 8038
##### Heap utilization statistics [MB] #####
Used Memory:6208
Free Memory:900
Total Memory:7109
Max Memory:7109
Count 8038
##### Heap utilization statistics [MB] #####
Used Memory:6208
Free Memory:900
Total Memory:7109
Max Memory:7109
Count 8038
##### Heap utilization statistics [MB] #####
Used Memory:6208
Free Memory:900
Total Memory:7109
Max Memory:7109
Count 8038
##### Heap utilization statistics [MB] #####
Used Memory:6208
Free Memory:900
Total Memory:7109
Max Memory:7109
Count 8038
##### Heap utilization statistics [MB] #####
Used Memory:6208
Free Memory:900
Total Memory:7109
Max Memory:7109
Count 8038
##### Heap utilization statistics [MB] #####
Used Memory:6208
Free Memory:900
Total Memory:7109
Max Memory:7109
Count 8038
##### Heap utilization statistics [MB] #####
Used Memory:6208
Free Memory:900
Total Memory:7109
Max Memory:7109
Count 8038
##### Heap utilization statistics [MB] #####
Used Memory:6208
Free Memory:900
Total Memory:7109
Max Memory:7109
Count 8038
##### Heap utilization statistics [MB] #####
Used Memory:6208
Free Memory:900
Total Memory:7109
Max Memory:7109
Count 8038
##### Heap utilization statistics [MB] #####
Used Memory:6208
Free Memory:900
Total Memory:7109
Max Memory:7109
Count 8038
##### Heap utilization statistics [MB] #####
Used Memory:6208
Free Memory:900
Total Memory:7109
Max Memory:7109
Count 8038
##### Heap utilization statistics [MB] #####
Used Memory:6208
Free Memory:900
Total Memory:7109
Max Memory:7109
Count 8038
##### Heap utilization statistics [MB] #####
Used Memory:6208
Free Memory:900
Total Memory:7109
Max Memory:7109
Count 8038
##### Heap utilization statistics [MB] #####
Used Memory:6208
Free Memory:900
Total Memory:7109
Max Memory:7109
Count 8038
##### Heap utilization statistics [MB] #####
Used Memory:6208
Free Memory:900
Total Memory:7109
Max Memory:7109
Count 8038
##### Heap utilization statistics [MB] #####
Used Memory:6208
Free Memory:900
Total Memory:7109
Max Memory:7109
Count 8038
##### Heap utilization statistics [MB] #####
Used Memory:6208
Free Memory:900
Total Memory:7109
Max Memory:7109
Count 8038
##### Heap utilization statistics [MB] #####
Used Memory:6208
Free Memory:900
Total Memory:7109
Max Memory:7109
Count 8038
##### Heap utilization statistics [MB] #####
Used Memory:6208
Free Memory:900
Total Memory:7109
Max Memory:7109
Count 8038
##### Heap utilization statistics [MB] #####
Used Memory:6208
Free Memory:900
Total Memory:7109
Max Memory:7109
Count 8038
##### Heap utilization statistics [MB] #####
Used Memory:6208
Free Memory:900
Total Memory:7109
Max Memory:7109
Count 8038
##### Heap utilization statistics [MB] #####
Used Memory:6208
Free Memory:900
Total Memory:7109
Max Memory:7109
Count 8038
##### Heap utilization statistics [MB] #####
Used Memory:6208
Free Memory:900
Total Memory:7109
Max Memory:7109
Count 8038
##### Heap utilization statistics [MB] #####
Used Memory:6208
Free Memory:900
Total Memory:7109
Max Memory:7109
Count 8038
##### Heap utilization statistics [MB] #####
Used Memory:6208
Free Memory:900
Total Memory:7109
Max Memory:7109
Count 8038
##### Heap utilization statistics [MB] #####
Used Memory:6208
Free Memory:900
Total Memory:7109
Max Memory:7109
Count 8038
##### Heap utilization statistics [MB] #####
Used Memory:6208
Free Memory:900
Total Memory:7109
Max Memory:7109
Count 8038
##### Heap utilization statistics [MB] #####
Used Memory:6208
Free Memory:900
Total Memory:7109
Max Memory:7109
Count 8038
##### Heap utilization statistics [MB] #####
Used Memory:6208
Free Memory:900
Total Memory:7109
Max Memory:7109
Count 8038
##### Heap utilization statistics [MB] #####
Used Memory:6208
Free Memory:900
Total Memory:7109
Max Memory:7109
Count 8038
##### Heap utilization statistics [MB] #####
Used Memory:6208
Free Memory:900
Total Memory:7109
Max Memory:7109
Count 8038
##### Heap utilization statistics [MB] #####
Used Memory:6208
Free Memory:900
Total Memory:7109
Max Memory:7109
Count 8038
##### Heap utilization statistics [MB] #####
Used Memory:6208
Free Memory:900
Total Memory:7109
Max Memory:7109
Count 8038
##### Heap utilization statistics [MB] #####
Used Memory:6208
Free Memory:900
Total Memory:7109
Max Memory:7109
Count 8038
##### Heap utilization statistics [MB] #####
Used Memory:6208
Free Memory:900
Total Memory:7109
Max Memory:7109
Count 8038
##### Heap utilization statistics [MB] #####
Used Memory:6208
Free Memory:900
Total Memory:7109
Max Memory:7109
Count 8038
##### Heap utilization statistics [MB] #####
Used Memory:6208
Free Memory:900
Total Memory:7109
Max Memory:7109
Count 8038
##### Heap utilization statistics [MB] #####
Used Memory:6208
Free Memory:900
Total Memory:7109
Max Memory:7109
Count 8038
##### Heap utilization statistics [MB] #####
Used Memory:6208
Free Memory:900
Total Memory:7109
Max Memory:7109
Count 8038
##### Heap utilization statistics [MB] #####
Used Memory:6208
Free Memory:900
Total Memory:7109
Max Memory:7109
Count 8038
##### Heap utilization statistics [MB] #####
Used Memory:6208
Free Memory:900
Total Memory:7109
Max Memory:7109
Count 8038
##### Heap utilization statistics [MB] #####
Used Memory:6208
Free Memory:900
Total Memory:7109
Max Memory:7109
Count 8038
##### Heap utilization statistics [MB] #####
Used Memory:6208
Free Memory:900
Total Memory:7109
Max Memory:7109
Count 8038
##### Heap utilization statistics [MB] #####
Used Memory:6208
Free Memory:900
Total Memory:7109
Max Memory:7109
Count 8038
##### Heap utilization statistics [MB] #####
Used Memory:6208
Free Memory:900
Total Memory:7109
Max Memory:7109
Count 8038
##### Heap utilization statistics [MB] #####
Used Memory:6208
Free Memory:900
Total Memory:7109
Max Memory:7109
Count 8038
##### Heap utilization statistics [MB] #####
Used Memory:6208
Free Memory:900
Total Memory:7109
Max Memory:7109
Count 8038
##### Heap utilization statistics [MB] #####
Used Memory:6208
Free Memory:900
Total Memory:7109
Max Memory:7109
Count 8038
##### Heap utilization statistics [MB] #####
Used Memory:6208
Free Memory:900
Total Memory:7109
Max Memory:7109
Count 8038
##### Heap utilization statistics [MB] #####
Used Memory:6208
Free Memory:900
Total Memory:7109
Max Memory:7109
Count 8038
##### Heap utilization statistics [MB] #####
Used Memory:6208
Free Memory:900
Total Memory:7109
Max Memory:7109
Count 8038
##### Heap utilization statistics [MB] #####
Used Memory:6208
Free Memory:900
Total Memory:7109
Max Memory:7109
Count 8038
##### Heap utilization statistics [MB] #####
Used Memory:6208
Free Memory:900
Total Memory:7109
Max Memory:7109
Count 8038
##### Heap utilization statistics [MB] #####
Used Memory:6208
Free Memory:900
Total Memory:7109
Max Memory:7109
Count 8038
##### Heap utilization statistics [MB] #####
Used Memory:6208
Free Memory:900
Total Memory:7109
Max Memory:7109
Count 8038
##### Heap utilization statistics [MB] #####
Used Memory:6208
Free Memory:900
Total Memory:7109
Max Memory:7109
Count 8038
##### Heap utilization statistics [MB] #####
Used Memory:6208
Free Memory:900
Total Memory:7109
Max Memory:7109
Count 8038
##### Heap utilization statistics [MB] #####
Used Memory:6208
Free Memory:900
Total Memory:7109
Max Memory:7109
Count 8038
##### Heap utilization statistics [MB] #####
Used Memory:6208
Free Memory:900
Total Memory:7109
Max Memory:7109
Count 8038
##### Heap utilization statistics [MB] #####
Used Memory:6208
Free Memory:900
Total Memory:7109
Max Memory:7109
Count 8038
##### Heap utilization statistics [MB] #####
Used Memory:6208
Free Memory:900
Total Memory:7109
Max Memory:7109
Count 8038
##### Heap utilization statistics [MB] #####
Used Memory:6208
Free Memory:900
Total Memory:7109
Max Memory:7109
Count 8038
##### Heap utilization statistics [MB] #####
Used Memory:6208
Free Memory:900
Total Memory:7109
Max Memory:7109
Count 8038
##### Heap utilization statistics [MB] #####
Used Memory:6208
Free Memory:900
Total Memory:7109
Max Memory:7109
Count 8038
##### Heap utilization statistics [MB] #####
Used Memory:6208
Free Memory:900
Total Memory:7109
Max Memory:7109
Count 8038
##### Heap utilization statistics [MB] #####
Used Memory:6208
Free Memory:900
Total Memory:7109
Max Memory:7109
Count 8038
##### Heap utilization statistics [MB] #####
Used Memory:6208
Free Memory:900
Total Memory:7109
Max Memory:7109
Count 8038
##### Heap utilization statistics [MB] #####
Used Memory:6208
Free Memory:900
Total Memory:7109
Max Memory:7109
Count 8038
##### Heap utilization statistics [MB] #####
Used Memory:6208
Free Memory:900
Total Memory:7109
Max Memory:7109
Count 8038
##### Heap utilization statistics [MB] #####
Used Memory:6208
Free Memory:900
Total Memory:7109
Max Memory:7109
Count 8038
##### Heap utilization statistics [MB] #####
Used Memory:6208
Free Memory:900
Total Memory:7109
Max Memory:7109
Count 8038
##### Heap utilization statistics [MB] #####
Used Memory:6208
Free Memory:900
Total Memory:7109
Max Memory:7109
Count 8038
##### Heap utilization statistics [MB] #####
Used Memory:6208
Free Memory:900
Total Memory:7109
Max Memory:7109
Count 8038
##### Heap utilization statistics [MB] #####
Used Memory:6208
Free Memory:900
Total Memory:7109
Max Memory:7109
Count 8038
##### Heap utilization statistics [MB] #####
Used Memory:6208
Free Memory:900
Total Memory:7109
Max Memory:7109
Count 8038
##### Heap utilization statistics [MB] #####
Used Memory:6208
Free Memory:900
Total Memory:7109
Max Memory:7109
Count 8038
##### Heap utilization statistics [MB] #####
Used Memory:6208
Free Memory:900
Total Memory:7109
Max Memory:7109
Count 8038
##### Heap utilization statistics [MB] #####
Used Memory:6208
Free Memory:900
Total Memory:7109
Max Memory:7109
Count 8038
##### Heap utilization statistics [MB] #####
Used Memory:6208
Free Memory:900
Total Memory:7109
Max Memory:7109
Count 8038
##### Heap utilization statistics [MB] #####
Used Memory:6208
Free Memory:900
Total Memory:7109
Max Memory:7109
Count 8038
##### Heap utilization statistics [MB] #####
Used Memory:6208
Free Memory:900
Total Memory:7109
Max Memory:7109
Count 8038
##### Heap utilization statistics [MB] #####
Used Memory:6208
Free Memory:900
Total Memory:7109
Max Memory:7109
Count 8038
##### Heap utilization statistics [MB] #####
Used Memory:6208
Free Memory:900
Total Memory:7109
Max Memory:7109
Count 8038
##### Heap utilization statistics [MB] #####
Used Memory:6208
Free Memory:900
Total Memory:7109
Max Memory:7109
Count 8038
##### Heap utilization statistics [MB] #####
Used Memory:6208
Free Memory:900
Total Memory:7109
Max Memory:7109
Count 8038
##### Heap utilization statistics [MB] #####
Used Memory:6208
Free Memory:900
Total Memory:7109
Max Memory:7109
Count 8038
##### Heap utilization statistics [MB] #####
Used Memory:6208
Free Memory:900
Total Memory:7109
Max Memory:7109
Count 8038
##### Heap utilization statistics [MB] #####
Used Memory:6208
Free Memory:900
Total Memory:7109
Max Memory:7109
Count 8038
##### Heap utilization statistics [MB] #####
Used Memory:6208
Free Memory:900
Total Memory:7109
Max Memory:7109
Count 8038
##### Heap utilization statistics [MB] #####
Used Memory:6208
Free Memory:900
Total Memory:7109
Max Memory:7109
Count 8038
##### Heap utilization statistics [MB] #####
Used Memory:6208
Free Memory:900
Total Memory:7109
Max Memory:7109
Count 8038
##### Heap utilization statistics [MB] #####
Used Memory:6208
Free Memory:900
Total Memory:7109
Max Memory:7109
Count 8038
##### Heap utilization statistics [MB] #####
Used Memory:6208
Free Memory:900
Total Memory:7109
Max Memory:7109
Count 8038
##### Heap utilization statistics [MB] #####
Used Memory:6208
Free Memory:900
Total Memory:7109
Max Memory:7109
Count 8038
##### Heap utilization statistics [MB] #####
Used Memory:6208
Free Memory:900
Total Memory:7109
Max Memory:7109
Count 8038
##### Heap utilization statistics [MB] #####
Used Memory:6208
Free Memory:900
Total Memory:7109
Max Memory:7109
Count 8038
##### Heap utilization statistics [MB] #####
Used Memory:6208
Free Memory:900
Total Memory:7109
Max Memory:7109
Count 8038
##### Heap utilization statistics [MB] #####
Used Memory:6208
Free Memory:900
Total Memory:7109
Max Memory:7109
Count 8038
##### Heap utilization statistics [MB] #####
Used Memory:6208
Free Memory:900
Total Memory:7109
Max Memory:7109
Count 8038
##### Heap utilization statistics [MB] #####
Used Memory:6208
Free Memory:900
Total Memory:7109
Max Memory:7109
Count 8038
##### Heap utilization statistics [MB] #####
Used Memory:6208
Free Memory:900
Total Memory:7109
Max Memory:7109
Count 8038
##### Heap utilization statistics [MB] #####
Used Memory:6208
Free Memory:900
Total Memory:7109
Max Memory:7109
Count 8038
##### Heap utilization statistics [MB] #####
Used Memory:6208
Free Memory:900
Total Memory:7109
Max Memory:7109
Count 8038
##### Heap utilization statistics [MB] #####
Used Memory:6208
Free Memory:900
Total Memory:7109
Max Memory:7109
Count 8038
##### Heap utilization statistics [MB] #####
Used Memory:6208
Free Memory:900
Total Memory:7109
Max Memory:7109
Count 8038
##### Heap utilization statistics [MB] #####
Used Memory:6208
Free Memory:900
Total Memory:7109
Max Memory:7109
Count 8038
##### Heap utilization statistics [MB] #####
Used Memory:6208
Free Memory:900
Total Memory:7109
Max Memory:7109
Count 8038
##### Heap utilization statistics [MB] #####
Used Memory:6208
Free Memory:900
Total Memory:7109
Max Memory:7109
Count 8038
##### Heap utilization statistics [MB] #####
Used Memory:6208
Free Memory:900
Total Memory:7109
Max Memory:7109
Count 8038
##### Heap utilization statistics [MB] #####
Used Memory:6208
Free Memory:900
Total Memory:7109
Max Memory:7109
Count 8038
##### Heap utilization statistics [MB] #####
Used Memory:6208
Free Memory:900
Total Memory:7109
Max Memory:7109
Count 8038
##### Heap utilization statistics [MB] #####
Used Memory:6208
Free Memory:900
Total Memory:7109
Max Memory:7109
Count 8038
##### Heap utilization statistics [MB] #####
Used Memory:6208
Free Memory:900
Total Memory:7109
Max Memory:7109
Count 8038
##### Heap utilization statistics [MB] #####
Used Memory:6208
Free Memory:900
Total Memory:7109
Max Memory:7109
Count 8038
##### Heap utilization statistics [MB] #####
Used Memory:6208
Free Memory:900
Total Memory:7109
Max Memory:7109
Count 8038
##### Heap utilization statistics [MB] #####
Used Memory:6208
Free Memory:900
Total Memory:7109
Max Memory:7109

Filename  3374-0.txt
Book Count8039
Count 8039
##### Heap utilization statistics [MB] #####
Used Memory:6214
Free Memory:894
Total Memory:7109
Max Memory:7109

Filename  3374.txt
Book Count8040
Count 8040
##### Heap utilization statistics [MB] #####
Used Memory:6212
Free Memory:896
Total Memory:7109
Max Memory:7109
Count 8040
##### Heap utilization statistics [MB] #####
Used Memory:6212
Free Memory:896
Total Memory:7109
Max Memory:7109

Filename  3375.txt
Book Count8041
Count 8041
##### Heap utilization statistics [MB] #####
Used Memory:6212
Free Memory:896
Total Memory:7109
Max Memory:7109
Count 8041
##### Heap utilization statistics [MB] #####
Used Memory:6212
Free Memory:896
Total Memory:7109
Max Memory:7109

Filename  33707-8.txt
Book Count8042
Count 8042
##### Heap utilization statistics [MB] #####
Used Memory:6212
Free Memory:896
Total Memory:7109
Max Memory:7109

Filename  33707.txt
Book Count8043
Count 8043
##### Heap utilization statistics [MB] #####
Used Memory:6214
Free Memory:895
Total Memory:7109
Max Memory:7109
Count 8043
##### Heap utilization statistics [MB] #####
Used Memory:6214
Free Memory:895
Total Memory:7109
Max Memory:7109
Count 8043
##### Heap utilization statistics [MB] #####
Used Memory:6214
Free Memory:895
Total Memory:7109
Max Memory:7109
Count 8043
##### Heap utilization statistics [MB] #####
Used Memory:6214
Free Memory:895
Total Memory:7109
Max Memory:7109
Count 8043
##### Heap utilization statistics [MB] #####
Used Memory:6214
Free Memory:895
Total Memory:7109
Max Memory:7109
Count 8043
##### Heap utilization statistics [MB] #####
Used Memory:6214
Free Memory:895
Total Memory:7109
Max Memory:7109

Filename  33703-8.txt
Book Count8044
Count 8044
##### Heap utilization statistics [MB] #####
Used Memory:6217
Free Memory:891
Total Memory:7109
Max Memory:7109

Filename  33703.txt
Book Count8045
Count 8045
##### Heap utilization statistics [MB] #####
Used Memory:6217
Free Memory:891
Total Memory:7109
Max Memory:7109
Count 8045
##### Heap utilization statistics [MB] #####
Used Memory:6217
Free Memory:891
Total Memory:7109
Max Memory:7109
Count 8045
##### Heap utilization statistics [MB] #####
Used Memory:6217
Free Memory:891
Total Memory:7109
Max Memory:7109
Count 8045
##### Heap utilization statistics [MB] #####
Used Memory:6217
Free Memory:891
Total Memory:7109
Max Memory:7109
Count 8045
##### Heap utilization statistics [MB] #####
Used Memory:6217
Free Memory:891
Total Memory:7109
Max Memory:7109
Count 8045
##### Heap utilization statistics [MB] #####
Used Memory:6217
Free Memory:891
Total Memory:7109
Max Memory:7109
Count 8045
##### Heap utilization statistics [MB] #####
Used Memory:6217
Free Memory:891
Total Memory:7109
Max Memory:7109
Count 8045
##### Heap utilization statistics [MB] #####
Used Memory:6217
Free Memory:891
Total Memory:7109
Max Memory:7109

Filename  33708.txt
Book Count8046
Count 8046
##### Heap utilization statistics [MB] #####
Used Memory:6217
Free Memory:891
Total Memory:7109
Max Memory:7109

Filename  33708-8.txt
Book Count8047
Count 8047
##### Heap utilization statistics [MB] #####
Used Memory:6217
Free Memory:891
Total Memory:7109
Max Memory:7109
Count 8047
##### Heap utilization statistics [MB] #####
Used Memory:6217
Free Memory:891
Total Memory:7109
Max Memory:7109
Count 8047
##### Heap utilization statistics [MB] #####
Used Memory:6217
Free Memory:891
Total Memory:7109
Max Memory:7109
Count 8047
##### Heap utilization statistics [MB] #####
Used Memory:6217
Free Memory:891
Total Memory:7109
Max Memory:7109
Count 8047
##### Heap utilization statistics [MB] #####
Used Memory:6217
Free Memory:891
Total Memory:7109
Max Memory:7109
Count 8047
##### Heap utilization statistics [MB] #####
Used Memory:6217
Free Memory:891
Total Memory:7109
Max Memory:7109
Count 8047
##### Heap utilization statistics [MB] #####
Used Memory:6217
Free Memory:891
Total Memory:7109
Max Memory:7109
Count 8047
##### Heap utilization statistics [MB] #####
Used Memory:6217
Free Memory:891
Total Memory:7109
Max Memory:7109
Count 8047
##### Heap utilization statistics [MB] #####
Used Memory:6217
Free Memory:891
Total Memory:7109
Max Memory:7109
Count 8047
##### Heap utilization statistics [MB] #####
Used Memory:6217
Free Memory:891
Total Memory:7109
Max Memory:7109
Count 8047
##### Heap utilization statistics [MB] #####
Used Memory:6217
Free Memory:891
Total Memory:7109
Max Memory:7109
Count 8047
##### Heap utilization statistics [MB] #####
Used Memory:6217
Free Memory:891
Total Memory:7109
Max Memory:7109
Count 8047
##### Heap utilization statistics [MB] #####
Used Memory:6217
Free Memory:891
Total Memory:7109
Max Memory:7109
Count 8047
##### Heap utilization statistics [MB] #####
Used Memory:6217
Free Memory:891
Total Memory:7109
Max Memory:7109
Count 8047
##### Heap utilization statistics [MB] #####
Used Memory:6217
Free Memory:891
Total Memory:7109
Max Memory:7109

Filename  33706.txt
Book Count8048
Count 8048
##### Heap utilization statistics [MB] #####
Used Memory:6217
Free Memory:891
Total Memory:7109
Max Memory:7109

Filename  33706-8.txt
Book Count8049
Count 8049
##### Heap utilization statistics [MB] #####
Used Memory:6217
Free Memory:891
Total Memory:7109
Max Memory:7109
Count 8049
##### Heap utilization statistics [MB] #####
Used Memory:6217
Free Memory:891
Total Memory:7109
Max Memory:7109

Filename  33701.txt
Book Count8050
Count 8050
##### Heap utilization statistics [MB] #####
Used Memory:6217
Free Memory:891
Total Memory:7109
Max Memory:7109
Count 8050
##### Heap utilization statistics [MB] #####
Used Memory:6217
Free Memory:891
Total Memory:7109
Max Memory:7109
Count 8050
##### Heap utilization statistics [MB] #####
Used Memory:6217
Free Memory:891
Total Memory:7109
Max Memory:7109
Count 8050
##### Heap utilization statistics [MB] #####
Used Memory:6217
Free Memory:891
Total Memory:7109
Max Memory:7109
Count 8050
##### Heap utilization statistics [MB] #####
Used Memory:6217
Free Memory:891
Total Memory:7109
Max Memory:7109
Count 8050
##### Heap utilization statistics [MB] #####
Used Memory:6217
Free Memory:891
Total Memory:7109
Max Memory:7109
Count 8050
##### Heap utilization statistics [MB] #####
Used Memory:6217
Free Memory:891
Total Memory:7109
Max Memory:7109

Filename  33701-8.txt
Book Count8051
Count 8051
##### Heap utilization statistics [MB] #####
Used Memory:6217
Free Memory:891
Total Memory:7109
Max Memory:7109
Count 8051
##### Heap utilization statistics [MB] #####
Used Memory:6217
Free Memory:891
Total Memory:7109
Max Memory:7109

Filename  33700-8.txt
Book Count8052
Count 8052
##### Heap utilization statistics [MB] #####
Used Memory:6215
Free Memory:893
Total Memory:7109
Max Memory:7109

Filename  33700.txt
Book Count8053
Count 8053
##### Heap utilization statistics [MB] #####
Used Memory:6215
Free Memory:893
Total Memory:7109
Max Memory:7109
Count 8053
##### Heap utilization statistics [MB] #####
Used Memory:6215
Free Memory:893
Total Memory:7109
Max Memory:7109
Count 8053
##### Heap utilization statistics [MB] #####
Used Memory:6215
Free Memory:893
Total Memory:7109
Max Memory:7109
Count 8053
##### Heap utilization statistics [MB] #####
Used Memory:6215
Free Memory:893
Total Memory:7109
Max Memory:7109
Count 8053
##### Heap utilization statistics [MB] #####
Used Memory:6215
Free Memory:893
Total Memory:7109
Max Memory:7109
Count 8053
##### Heap utilization statistics [MB] #####
Used Memory:6215
Free Memory:893
Total Memory:7109
Max Memory:7109

Filename  33705-8.txt
Book Count8054
Count 8054
##### Heap utilization statistics [MB] #####
Used Memory:6217
Free Memory:891
Total Memory:7109
Max Memory:7109
Count 8054
##### Heap utilization statistics [MB] #####
Used Memory:6217
Free Memory:891
Total Memory:7109
Max Memory:7109
Count 8054
##### Heap utilization statistics [MB] #####
Used Memory:6217
Free Memory:891
Total Memory:7109
Max Memory:7109

Filename  33705.txt
Book Count8055
Count 8055
##### Heap utilization statistics [MB] #####
Used Memory:6217
Free Memory:891
Total Memory:7109
Max Memory:7109
Count 8055
##### Heap utilization statistics [MB] #####
Used Memory:6217
Free Memory:891
Total Memory:7109
Max Memory:7109
Count 8055
##### Heap utilization statistics [MB] #####
Used Memory:6217
Free Memory:891
Total Memory:7109
Max Memory:7109
Count 8055
##### Heap utilization statistics [MB] #####
Used Memory:6217
Free Memory:891
Total Memory:7109
Max Memory:7109
Count 8055
##### Heap utilization statistics [MB] #####
Used Memory:6217
Free Memory:891
Total Memory:7109
Max Memory:7109
Count 8055
##### Heap utilization statistics [MB] #####
Used Memory:6217
Free Memory:891
Total Memory:7109
Max Memory:7109
Count 8055
##### Heap utilization statistics [MB] #####
Used Memory:6217
Free Memory:891
Total Memory:7109
Max Memory:7109
Count 8055
##### Heap utilization statistics [MB] #####
Used Memory:6217
Free Memory:891
Total Memory:7109
Max Memory:7109
Count 8055
##### Heap utilization statistics [MB] #####
Used Memory:6217
Free Memory:891
Total Memory:7109
Max Memory:7109
Count 8055
##### Heap utilization statistics [MB] #####
Used Memory:6217
Free Memory:891
Total Memory:7109
Max Memory:7109
Count 8055
##### Heap utilization statistics [MB] #####
Used Memory:6217
Free Memory:891
Total Memory:7109
Max Memory:7109
Count 8055
##### Heap utilization statistics [MB] #####
Used Memory:6217
Free Memory:891
Total Memory:7109
Max Memory:7109
Count 8055
##### Heap utilization statistics [MB] #####
Used Memory:6217
Free Memory:891
Total Memory:7109
Max Memory:7109
Count 8055
##### Heap utilization statistics [MB] #####
Used Memory:6217
Free Memory:891
Total Memory:7109
Max Memory:7109
Count 8055
##### Heap utilization statistics [MB] #####
Used Memory:6217
Free Memory:891
Total Memory:7109
Max Memory:7109
Count 8055
##### Heap utilization statistics [MB] #####
Used Memory:6217
Free Memory:891
Total Memory:7109
Max Memory:7109
Count 8055
##### Heap utilization statistics [MB] #####
Used Memory:6217
Free Memory:891
Total Memory:7109
Max Memory:7109
Count 8055
##### Heap utilization statistics [MB] #####
Used Memory:6217
Free Memory:891
Total Memory:7109
Max Memory:7109
Count 8055
##### Heap utilization statistics [MB] #####
Used Memory:6217
Free Memory:891
Total Memory:7109
Max Memory:7109
Count 8055
##### Heap utilization statistics [MB] #####
Used Memory:6217
Free Memory:891
Total Memory:7109
Max Memory:7109
Count 8055
##### Heap utilization statistics [MB] #####
Used Memory:6217
Free Memory:891
Total Memory:7109
Max Memory:7109
Count 8055
##### Heap utilization statistics [MB] #####
Used Memory:6217
Free Memory:891
Total Memory:7109
Max Memory:7109
Count 8055
##### Heap utilization statistics [MB] #####
Used Memory:6217
Free Memory:891
Total Memory:7109
Max Memory:7109
Count 8055
##### Heap utilization statistics [MB] #####
Used Memory:6217
Free Memory:891
Total Memory:7109
Max Memory:7109
Count 8055
##### Heap utilization statistics [MB] #####
Used Memory:6217
Free Memory:891
Total Memory:7109
Max Memory:7109
Count 8055
##### Heap utilization statistics [MB] #####
Used Memory:6217
Free Memory:891
Total Memory:7109
Max Memory:7109
Count 8055
##### Heap utilization statistics [MB] #####
Used Memory:6217
Free Memory:891
Total Memory:7109
Max Memory:7109
Count 8055
##### Heap utilization statistics [MB] #####
Used Memory:6217
Free Memory:891
Total Memory:7109
Max Memory:7109
Count 8055
##### Heap utilization statistics [MB] #####
Used Memory:6217
Free Memory:891
Total Memory:7109
Max Memory:7109
Count 8055
##### Heap utilization statistics [MB] #####
Used Memory:6217
Free Memory:891
Total Memory:7109
Max Memory:7109
Count 8055
##### Heap utilization statistics [MB] #####
Used Memory:6217
Free Memory:891
Total Memory:7109
Max Memory:7109
Count 8055
##### Heap utilization statistics [MB] #####
Used Memory:6217
Free Memory:891
Total Memory:7109
Max Memory:7109
Count 8055
##### Heap utilization statistics [MB] #####
Used Memory:6217
Free Memory:891
Total Memory:7109
Max Memory:7109
Count 8055
##### Heap utilization statistics [MB] #####
Used Memory:6217
Free Memory:891
Total Memory:7109
Max Memory:7109
Count 8055
##### Heap utilization statistics [MB] #####
Used Memory:6217
Free Memory:891
Total Memory:7109
Max Memory:7109
Count 8055
##### Heap utilization statistics [MB] #####
Used Memory:6217
Free Memory:891
Total Memory:7109
Max Memory:7109
Count 8055
##### Heap utilization statistics [MB] #####
Used Memory:6217
Free Memory:891
Total Memory:7109
Max Memory:7109
Count 8055
##### Heap utilization statistics [MB] #####
Used Memory:6217
Free Memory:891
Total Memory:7109
Max Memory:7109
Count 8055
##### Heap utilization statistics [MB] #####
Used Memory:6217
Free Memory:891
Total Memory:7109
Max Memory:7109
Count 8055
##### Heap utilization statistics [MB] #####
Used Memory:6217
Free Memory:891
Total Memory:7109
Max Memory:7109
Count 8055
##### Heap utilization statistics [MB] #####
Used Memory:6217
Free Memory:891
Total Memory:7109
Max Memory:7109
Count 8055
##### Heap utilization statistics [MB] #####
Used Memory:6217
Free Memory:891
Total Memory:7109
Max Memory:7109
Count 8055
##### Heap utilization statistics [MB] #####
Used Memory:6217
Free Memory:891
Total Memory:7109
Max Memory:7109
Count 8055
##### Heap utilization statistics [MB] #####
Used Memory:6217
Free Memory:891
Total Memory:7109
Max Memory:7109
Count 8055
##### Heap utilization statistics [MB] #####
Used Memory:6217
Free Memory:891
Total Memory:7109
Max Memory:7109
Count 8055
##### Heap utilization statistics [MB] #####
Used Memory:6217
Free Memory:891
Total Memory:7109
Max Memory:7109
Count 8055
##### Heap utilization statistics [MB] #####
Used Memory:6217
Free Memory:891
Total Memory:7109
Max Memory:7109
Count 8055
##### Heap utilization statistics [MB] #####
Used Memory:6217
Free Memory:891
Total Memory:7109
Max Memory:7109
Count 8055
##### Heap utilization statistics [MB] #####
Used Memory:6217
Free Memory:891
Total Memory:7109
Max Memory:7109
Count 8055
##### Heap utilization statistics [MB] #####
Used Memory:6217
Free Memory:891
Total Memory:7109
Max Memory:7109
Count 8055
##### Heap utilization statistics [MB] #####
Used Memory:6217
Free Memory:891
Total Memory:7109
Max Memory:7109
Count 8055
##### Heap utilization statistics [MB] #####
Used Memory:6217
Free Memory:891
Total Memory:7109
Max Memory:7109
Count 8055
##### Heap utilization statistics [MB] #####
Used Memory:6217
Free Memory:891
Total Memory:7109
Max Memory:7109
Count 8055
##### Heap utilization statistics [MB] #####
Used Memory:6217
Free Memory:891
Total Memory:7109
Max Memory:7109
Count 8055
##### Heap utilization statistics [MB] #####
Used Memory:6217
Free Memory:891
Total Memory:7109
Max Memory:7109
Count 8055
##### Heap utilization statistics [MB] #####
Used Memory:6217
Free Memory:891
Total Memory:7109
Max Memory:7109
Count 8055
##### Heap utilization statistics [MB] #####
Used Memory:6217
Free Memory:891
Total Memory:7109
Max Memory:7109
Count 8055
##### Heap utilization statistics [MB] #####
Used Memory:6217
Free Memory:891
Total Memory:7109
Max Memory:7109
Count 8055
##### Heap utilization statistics [MB] #####
Used Memory:6217
Free Memory:891
Total Memory:7109
Max Memory:7109
Count 8055
##### Heap utilization statistics [MB] #####
Used Memory:6217
Free Memory:891
Total Memory:7109
Max Memory:7109
Count 8055
##### Heap utilization statistics [MB] #####
Used Memory:6217
Free Memory:891
Total Memory:7109
Max Memory:7109
Count 8055
##### Heap utilization statistics [MB] #####
Used Memory:6217
Free Memory:891
Total Memory:7109
Max Memory:7109
Count 8055
##### Heap utilization statistics [MB] #####
Used Memory:6217
Free Memory:891
Total Memory:7109
Max Memory:7109
Count 8055
##### Heap utilization statistics [MB] #####
Used Memory:6217
Free Memory:891
Total Memory:7109
Max Memory:7109
Count 8055
##### Heap utilization statistics [MB] #####
Used Memory:6217
Free Memory:891
Total Memory:7109
Max Memory:7109
Count 8055
##### Heap utilization statistics [MB] #####
Used Memory:6217
Free Memory:891
Total Memory:7109
Max Memory:7109
Count 8055
##### Heap utilization statistics [MB] #####
Used Memory:6217
Free Memory:891
Total Memory:7109
Max Memory:7109
Count 8055
##### Heap utilization statistics [MB] #####
Used Memory:6217
Free Memory:891
Total Memory:7109
Max Memory:7109
Count 8055
##### Heap utilization statistics [MB] #####
Used Memory:6217
Free Memory:891
Total Memory:7109
Max Memory:7109
Count 8055
##### Heap utilization statistics [MB] #####
Used Memory:6217
Free Memory:891
Total Memory:7109
Max Memory:7109
Count 8055
##### Heap utilization statistics [MB] #####
Used Memory:6217
Free Memory:891
Total Memory:7109
Max Memory:7109
Count 8055
##### Heap utilization statistics [MB] #####
Used Memory:6217
Free Memory:891
Total Memory:7109
Max Memory:7109
Count 8055
##### Heap utilization statistics [MB] #####
Used Memory:6217
Free Memory:891
Total Memory:7109
Max Memory:7109
Count 8055
##### Heap utilization statistics [MB] #####
Used Memory:6217
Free Memory:891
Total Memory:7109
Max Memory:7109
Count 8055
##### Heap utilization statistics [MB] #####
Used Memory:6217
Free Memory:891
Total Memory:7109
Max Memory:7109
Count 8055
##### Heap utilization statistics [MB] #####
Used Memory:6217
Free Memory:891
Total Memory:7109
Max Memory:7109
Count 8055
##### Heap utilization statistics [MB] #####
Used Memory:6217
Free Memory:891
Total Memory:7109
Max Memory:7109
Count 8055
##### Heap utilization statistics [MB] #####
Used Memory:6217
Free Memory:891
Total Memory:7109
Max Memory:7109
Count 8055
##### Heap utilization statistics [MB] #####
Used Memory:6217
Free Memory:891
Total Memory:7109
Max Memory:7109
Count 8055
##### Heap utilization statistics [MB] #####
Used Memory:6217
Free Memory:891
Total Memory:7109
Max Memory:7109
Count 8055
##### Heap utilization statistics [MB] #####
Used Memory:6217
Free Memory:891
Total Memory:7109
Max Memory:7109
Count 8055
##### Heap utilization statistics [MB] #####
Used Memory:6217
Free Memory:891
Total Memory:7109
Max Memory:7109
Count 8055
##### Heap utilization statistics [MB] #####
Used Memory:6217
Free Memory:891
Total Memory:7109
Max Memory:7109
Count 8055
##### Heap utilization statistics [MB] #####
Used Memory:6217
Free Memory:891
Total Memory:7109
Max Memory:7109
Count 8055
##### Heap utilization statistics [MB] #####
Used Memory:6217
Free Memory:891
Total Memory:7109
Max Memory:7109
Count 8055
##### Heap utilization statistics [MB] #####
Used Memory:6217
Free Memory:891
Total Memory:7109
Max Memory:7109
Count 8055
##### Heap utilization statistics [MB] #####
Used Memory:6217
Free Memory:891
Total Memory:7109
Max Memory:7109
Count 8055
##### Heap utilization statistics [MB] #####
Used Memory:6217
Free Memory:891
Total Memory:7109
Max Memory:7109
Count 8055
##### Heap utilization statistics [MB] #####
Used Memory:6217
Free Memory:891
Total Memory:7109
Max Memory:7109
Count 8055
##### Heap utilization statistics [MB] #####
Used Memory:6217
Free Memory:891
Total Memory:7109
Max Memory:7109
Count 8055
##### Heap utilization statistics [MB] #####
Used Memory:6217
Free Memory:891
Total Memory:7109
Max Memory:7109
Count 8055
##### Heap utilization statistics [MB] #####
Used Memory:6217
Free Memory:891
Total Memory:7109
Max Memory:7109
Count 8055
##### Heap utilization statistics [MB] #####
Used Memory:6217
Free Memory:891
Total Memory:7109
Max Memory:7109

Filename  33702.txt
Book Count8056
Count 8056
##### Heap utilization statistics [MB] #####
Used Memory:6218
Free Memory:890
Total Memory:7109
Max Memory:7109
Count 8056
##### Heap utilization statistics [MB] #####
Used Memory:6218
Free Memory:890
Total Memory:7109
Max Memory:7109

Filename  33709-0.txt
Book Count8057
Count 8057
##### Heap utilization statistics [MB] #####
Used Memory:6220
Free Memory:888
Total Memory:7109
Max Memory:7109
Count 8057
##### Heap utilization statistics [MB] #####
Used Memory:6220
Free Memory:888
Total Memory:7109
Max Memory:7109

Filename  33704-8.txt
Book Count8058
Count 8058
##### Heap utilization statistics [MB] #####
Used Memory:6220
Free Memory:888
Total Memory:7109
Max Memory:7109
Count 8058
##### Heap utilization statistics [MB] #####
Used Memory:6220
Free Memory:888
Total Memory:7109
Max Memory:7109
Count 8058
##### Heap utilization statistics [MB] #####
Used Memory:6220
Free Memory:888
Total Memory:7109
Max Memory:7109
